04/06/2024 00:20:58 admin.php=>CreateRubriques(test rubrique) by AID : root      IP=>::1   
04/06/2024 00:22:17 admin.php=>CreateArticleSections(3, fghedh) by AID : root    IP=>::1   
04/06/2024 00:25:01 admin.php=>UpdateArticleSections(1, 3, fghedh) by AID : root IP=>::1   
04/06/2024 00:25:06 admin.php=>UpdateArticleSections(1, 3, fghedh) by AID : root IP=>::1   
04/08/2024 13:24:12 admin.php=>ChangeRightBlock(Bloc membre - 3) by AID : Root   IP=>::1   
04/08/2024 13:24:21 admin.php=>ChangeRightBlock(Anciens Articles - 5) by AID : Root IP=>::1   
04/08/2024 13:24:28 admin.php=>ChangeRightBlock(Article du Jour - 8) by AID : Root IP=>::1   
04/08/2024 13:24:35 admin.php=>ChangeRightBlock(Lettre d''information - 4) by AID : Root IP=>::1   
04/08/2024 13:24:45 admin.php=>ChangeRightBlock(Catégories - 7) by AID : Root   IP=>::1   
04/08/2024 13:45:31 admin.php=>ChangeRightBlock(Lettre d''''information - 4) by AID : Root IP=>::1   
04/08/2024 13:45:39 admin.php=>ChangeRightBlock(Lettre d''''''''information - 4) by AID : Root IP=>::1   
04/08/2024 13:45:49 admin.php=>ChangeRightBlock(Bloc membre - 3) by AID : Root   IP=>::1   
04/08/2024 13:47:53 admin.php=>ChangeRightBlock(Lettre d''information - 4) by AID : Root IP=>::1   
04/08/2024 13:49:30 admin.php=>ChangeRightBlock(Lettre d''information - 4) by AID : Root IP=>::1   
04/08/2024 13:49:40 admin.php=>ChangeRightBlock(Lettre d''information - 4) by AID : Root IP=>::1   
04/08/2024 13:50:46 admin.php=>ChangeRightBlock(Lettre d''information - 4) by AID : Root IP=>::1   
04/08/2024 13:51:06 admin.php=>ChangeRightBlock(Lettre d''information - 4) by AID : Root IP=>::1   
04/08/2024 13:51:56 admin.php=>ChangeRightBlock(Lettre d'information - 4) by AID : Root IP=>::1   
04/08/2024 13:52:03 admin.php=>ChangeRightBlock(Lettre d'information - 4) by AID : Root IP=>::1   
04/08/2024 13:54:03 admin.php=>ChangeRightBlock(Bloc membre - 3) by AID : Root   IP=>::1   
04/08/2024 13:54:09 admin.php=>ChangeRightBlock(Anciens Articles - 5) by AID : Root IP=>::1   
04/08/2024 13:54:16 admin.php=>ChangeRightBlock(Article du Jour - 8) by AID : Root IP=>::1   
04/08/2024 13:54:23 admin.php=>ChangeRightBlock(Catégories - 7) by AID : Root   IP=>::1   
04/09/2024 13:55:06 admin.php=>AddForum(dfsqds) by AID : Root                    IP=>::1   
04/09/2024 14:37:33 admin.php=>AddForumCat(categ test) by AID : Root             IP=>::1   
04/09/2024 14:37:55 admin.php=>AddForum(test 3) by AID : Root                    IP=>::1   
04/10/2024 06:53:25 admin.php=>UpdateForum(1, Demo) by AID : Root                IP=>::1   
04/10/2024 07:14:37 admin.php=>UpdateForum(8, test 3) by AID : Root              IP=>::1   
04/10/2024 10:36:26 admin.php=>MakeLeftBlock(fgds) by AID : Root                 IP=>::1   
04/12/2024 08:59:23 admin.php=>auth.inc.php/Admin_alert : Passwd not in DB#1 : Root IP=>::1   
04/12/2024 09:00:33 admin.php=>auth.inc.php/Admin_alert : Passwd not in DB#1 : Root IP=>::1   
04/12/2024 09:02:11 admin.php=>auth.inc.php/Admin_alert : Passwd not in DB#1 : Root IP=>::1   
04/12/2024 09:26:46 admin.php=>auth.inc.php/Admin_alert : Passwd not in DB#1 : Root IP=>::1   
04/12/2024 15:10:01 admin.php=>auth.inc.php/Admin_alert : Passwd not in DB#1 : Root IP=>::1   
04/12/2024 21:19:57 admin.php=>ConfigSave() by AID : Root                        IP=>::1   
04/12/2024 21:33:27 admin.php=>ConfigSave() by AID : Root                        IP=>::1   
04/12/2024 21:35:13 admin.php=>ConfigSave() by AID : Root                        IP=>::1   
04/12/2024 21:50:03 friend.php=>Friend Anti-Spam : name=laurent / mail=nicolas.l.devoy@gmail.com IP=>::1   
04/12/2024 22:04:39 friend.php=>Friend Anti-Spam : name=my / mail=nicolas@airtek.fr IP=>::1   
04/12/2024 22:05:34 friend.php=>Friend Anti-Spam : name=my / mail=nicolas.l.devoy@gmail.com IP=>::1   
04/12/2024 22:07:46 friend.php=>Friend Anti-Spam : name=my / mail=nicolas.l.devoy@gmail.com IP=>::1   
04/12/2024 22:09:11 friend.php=>Friend Anti-Spam : name=my / mail=nicolas.l.devoy@gmail.com IP=>::1   
04/12/2024 22:10:19 friend.php=>Friend Anti-Spam : name=my / mail=nicolas@nicodec.fr IP=>::1   
04/12/2024 22:22:43 friend.php=>Friend Anti-Spam : name=my / mail=nicolas@airteck.fr IP=>::1   
04/12/2024 23:31:24 lnl.php=>LNL Anti-Spam : email=admin@gmail.com               IP=>::1   
04/12/2024 23:33:02 lnl.php=>LNL Anti-Spam : email=admin@gmail.com               IP=>::1   
04/12/2024 23:43:14 admin.php=>ConfigSave() by AID : Root                        IP=>::1   
04/12/2024 23:47:57 admin.php=>ConfigSave() by AID : Root                        IP=>::1   
