Exception information:

    Date: Apr 01, 2024 20:21PM

    Message: Cannot modify header information - headers already sent by (output started at E:\New_Serv_Wamp\npds_dune-php8sql8\support\helpers.php:934)

    Code: 0

    File: E:\New_Serv_Wamp\npds_dune-php8sql8\index.php

    Line: 72

    Stack trace:

#0 [internal function]: npds\system\exception\BaseHandler->handleError(2, 'Cannot modify h...', 'E:\\New_Serv_Wam...', 72)
#1 E:\New_Serv_Wamp\npds_dune-php8sql8\index.php(72): header('Location: index...')
#2 E:\New_Serv_Wamp\npds_dune-php8sql8\index.php(143): select_start_page('', '')
#3 {main}

---------

Exception information:

    Date: Apr 01, 2024 20:21PM

    Message: Cannot modify header information - headers already sent by (output started at E:\New_Serv_Wamp\npds_dune-php8sql8\support\helpers.php:934)

    Code: 0

    File: E:\New_Serv_Wamp\npds_dune-php8sql8\index.php

    Line: 72

    Stack trace:

#0 [internal function]: npds\system\exception\BaseHandler->handleError(2, 'Cannot modify h...', 'E:\\New_Serv_Wam...', 72)
#1 E:\New_Serv_Wamp\npds_dune-php8sql8\index.php(72): header('Location: index...')
#2 E:\New_Serv_Wamp\npds_dune-php8sql8\index.php(143): select_start_page('', '')
#3 {main}

---------

Exception information:

    Date: Apr 01, 2024 20:21PM

    Message: Cannot modify header information - headers already sent by (output started at E:\New_Serv_Wamp\npds_dune-php8sql8\support\helpers.php:934)

    Code: 0

    File: E:\New_Serv_Wamp\npds_dune-php8sql8\index.php

    Line: 72

    Stack trace:

#0 [internal function]: npds\system\exception\BaseHandler->handleError(2, 'Cannot modify h...', 'E:\\New_Serv_Wam...', 72)
#1 E:\New_Serv_Wamp\npds_dune-php8sql8\index.php(72): header('Location: index...')
#2 E:\New_Serv_Wamp\npds_dune-php8sql8\index.php(143): select_start_page('', '')
#3 {main}

---------

Exception information:

    Date: Apr 01, 2024 20:22PM

    Message: Cannot modify header information - headers already sent by (output started at E:\New_Serv_Wamp\npds_dune-php8sql8\support\helpers.php:934)

    Code: 0

    File: E:\New_Serv_Wamp\npds_dune-php8sql8\index.php

    Line: 72

    Stack trace:

#0 [internal function]: npds\system\exception\BaseHandler->handleError(2, 'Cannot modify h...', 'E:\\New_Serv_Wam...', 72)
#1 E:\New_Serv_Wamp\npds_dune-php8sql8\index.php(72): header('Location: index...')
#2 E:\New_Serv_Wamp\npds_dune-php8sql8\index.php(143): select_start_page('', '')
#3 {main}

---------

Exception information:

    Date: Apr 01, 2024 20:36PM

    Message: Type error: npds\system\language\language::languages(): Return value must be of type array, null returned

    Code: 0

    File: E:\New_Serv_Wamp\npds_dune-php8sql8\system\language\language.php

    Line: 49

    Stack trace:

#0 E:\New_Serv_Wamp\npds_dune-php8sql8\system\language\language.php(75): npds\system\language\language::languages()
#1 E:\New_Serv_Wamp\npds_dune-php8sql8\system\language\language.php(19): npds\system\language\language::getLocaleIso()
#2 E:\New_Serv_Wamp\npds_dune-php8sql8\boot\bootstrap.php(193): npds\system\language\language::initLocale()
#3 E:\New_Serv_Wamp\npds_dune-php8sql8\index.php(51): include('E:\\New_Serv_Wam...')
#4 {main}

---------

Exception information:

    Date: Apr 01, 2024 20:36PM

    Message: Type error: npds\system\language\language::languages(): Return value must be of type array, null returned

    Code: 0

    File: E:\New_Serv_Wamp\npds_dune-php8sql8\system\language\language.php

    Line: 49

    Stack trace:

#0 E:\New_Serv_Wamp\npds_dune-php8sql8\system\language\language.php(75): npds\system\language\language::languages()
#1 E:\New_Serv_Wamp\npds_dune-php8sql8\system\language\language.php(19): npds\system\language\language::getLocaleIso()
#2 E:\New_Serv_Wamp\npds_dune-php8sql8\boot\bootstrap.php(193): npds\system\language\language::initLocale()
#3 E:\New_Serv_Wamp\npds_dune-php8sql8\index.php(51): include('E:\\New_Serv_Wam...')
#4 {main}

---------

Exception information:

    Date: Apr 01, 2024 21:13PM

    Message: require_once(routes/pages.php): Failed to open stream: No such file or directory

    Code: 0

    File: E:\New_Serv_Wamp\npds_dune-php8sql8\themes\default\header.php

    Line: 162

    Stack trace:

#0 E:\New_Serv_Wamp\npds_dune-php8sql8\themes\default\header.php(162): npds\system\exception\BaseHandler->handleError(2, 'require_once(co...', 'E:\\New_Serv_Wam...', 162)
#1 E:\New_Serv_Wamp\npds_dune-php8sql8\themes\default\header.php(162): require_once()
#2 E:\New_Serv_Wamp\npds_dune-php8sql8\index.php(78): include('E:\\New_Serv_Wam...')
#3 E:\New_Serv_Wamp\npds_dune-php8sql8\index.php(69): theindex('edito', '', '')
#4 E:\New_Serv_Wamp\npds_dune-php8sql8\index.php(143): select_start_page('edito', '')
#5 {main}

---------

Exception information:

    Date: Apr 01, 2024 21:13PM

    Message: require_once(routes/pages.php): Failed to open stream: No such file or directory

    Code: 0

    File: E:\New_Serv_Wamp\npds_dune-php8sql8\themes\default\header.php

    Line: 162

    Stack trace:

#0 E:\New_Serv_Wamp\npds_dune-php8sql8\themes\default\header.php(162): npds\system\exception\BaseHandler->handleError(2, 'require_once(co...', 'E:\\New_Serv_Wam...', 162)
#1 E:\New_Serv_Wamp\npds_dune-php8sql8\themes\default\header.php(162): require_once()
#2 E:\New_Serv_Wamp\npds_dune-php8sql8\index.php(78): include('E:\\New_Serv_Wam...')
#3 E:\New_Serv_Wamp\npds_dune-php8sql8\index.php(69): theindex('edito', '', '')
#4 E:\New_Serv_Wamp\npds_dune-php8sql8\index.php(143): select_start_page('edito', '')
#5 {main}

---------

Exception information:

    Date: Apr 01, 2024 21:14PM

    Message: require_once(routes/pages.php): Failed to open stream: No such file or directory

    Code: 0

    File: E:\New_Serv_Wamp\npds_dune-php8sql8\themes\default\header.php

    Line: 162

    Stack trace:

#0 E:\New_Serv_Wamp\npds_dune-php8sql8\themes\default\header.php(162): npds\system\exception\BaseHandler->handleError(2, 'require_once(ro...', 'E:\\New_Serv_Wam...', 162)
#1 E:\New_Serv_Wamp\npds_dune-php8sql8\themes\default\header.php(162): require_once()
#2 E:\New_Serv_Wamp\npds_dune-php8sql8\index.php(78): include('E:\\New_Serv_Wam...')
#3 E:\New_Serv_Wamp\npds_dune-php8sql8\index.php(69): theindex('edito', '', '')
#4 E:\New_Serv_Wamp\npds_dune-php8sql8\index.php(143): select_start_page('edito', '')
#5 {main}

---------

Exception information:

    Date: Apr 01, 2024 21:14PM

    Message: require_once(routes/pages.php): Failed to open stream: No such file or directory

    Code: 0

    File: E:\New_Serv_Wamp\npds_dune-php8sql8\themes\default\header.php

    Line: 162

    Stack trace:

#0 E:\New_Serv_Wamp\npds_dune-php8sql8\themes\default\header.php(162): npds\system\exception\BaseHandler->handleError(2, 'require_once(ro...', 'E:\\New_Serv_Wam...', 162)
#1 E:\New_Serv_Wamp\npds_dune-php8sql8\themes\default\header.php(162): require_once()
#2 E:\New_Serv_Wamp\npds_dune-php8sql8\index.php(78): include('E:\\New_Serv_Wam...')
#3 E:\New_Serv_Wamp\npds_dune-php8sql8\index.php(69): theindex('edito', '', '')
#4 E:\New_Serv_Wamp\npds_dune-php8sql8\index.php(143): select_start_page('edito', '')
#5 {main}

---------

Exception information:

    Date: Apr 01, 2024 21:16PM

    Message: Cannot modify header information - headers already sent by (output started at E:\New_Serv_Wamp\npds_dune-php8sql8\boot\bootstrap.php:56)

    Code: 0

    File: E:\New_Serv_Wamp\npds_dune-php8sql8\index.php

    Line: 72

    Stack trace:

#0 [internal function]: npds\system\exception\BaseHandler->handleError(2, 'Cannot modify h...', 'E:\\New_Serv_Wam...', 72)
#1 E:\New_Serv_Wamp\npds_dune-php8sql8\index.php(72): header('Location: index...')
#2 E:\New_Serv_Wamp\npds_dune-php8sql8\index.php(143): select_start_page('', '')
#3 {main}

---------

Exception information:

    Date: Apr 01, 2024 19:34PM

    Message: password_verify(): Passing null to parameter #2 ($hash) of type string is deprecated

    Code: 0

    File: E:\New_Serv_Wamp\npds_dune-php8sql8\auth.inc.php

    Line: 74

    Stack trace:

#0 [internal function]: npds\system\exception\BaseHandler->handleError(8192, 'password_verify...', 'E:\\New_Serv_Wam...', 74)
#1 E:\New_Serv_Wamp\npds_dune-php8sql8\auth.inc.php(74): password_verify(Object(SensitiveParameterValue), NULL)
#2 E:\New_Serv_Wamp\npds_dune-php8sql8\boot\bootstrap.php(178): require_once('E:\\New_Serv_Wam...')
#3 E:\New_Serv_Wamp\npds_dune-php8sql8\admin.php(20): include('E:\\New_Serv_Wam...')
#4 {main}

---------

Exception information:

    Date: Apr 01, 2024 19:34PM

    Message: password_verify(): Passing null to parameter #2 ($hash) of type string is deprecated

    Code: 0

    File: E:\New_Serv_Wamp\npds_dune-php8sql8\auth.inc.php

    Line: 74

    Stack trace:

#0 [internal function]: npds\system\exception\BaseHandler->handleError(8192, 'password_verify...', 'E:\\New_Serv_Wam...', 74)
#1 E:\New_Serv_Wamp\npds_dune-php8sql8\auth.inc.php(74): password_verify(Object(SensitiveParameterValue), NULL)
#2 E:\New_Serv_Wamp\npds_dune-php8sql8\boot\bootstrap.php(178): require_once('E:\\New_Serv_Wam...')
#3 E:\New_Serv_Wamp\npds_dune-php8sql8\admin.php(20): include('E:\\New_Serv_Wam...')
#4 {main}

---------

Exception information:

    Date: Apr 01, 2024 21:34PM

    Message: include(config/mailer.php): Failed to open stream: No such file or directory

    Code: 0

    File: E:\New_Serv_Wamp\npds_dune-php8sql8\admin\settings.php

    Line: 839

    Stack trace:

#0 E:\New_Serv_Wamp\npds_dune-php8sql8\admin\settings.php(839): npds\system\exception\BaseHandler->handleError(2, 'include(config/...', 'E:\\New_Serv_Wam...', 839)
#1 E:\New_Serv_Wamp\npds_dune-php8sql8\admin\settings.php(839): include()
#2 E:\New_Serv_Wamp\npds_dune-php8sql8\admin\settings.php(2052): Configure()
#3 E:\New_Serv_Wamp\npds_dune-php8sql8\admin.php(1064): include('E:\\New_Serv_Wam...')
#4 {main}

---------

Exception information:

    Date: Apr 01, 2024 21:39PM

    Message: Array to string conversion

    Code: 0

    File: E:\New_Serv_Wamp\npds_dune-php8sql8\admin\settings.php

    Line: 866

    Stack trace:

#0 E:\New_Serv_Wamp\npds_dune-php8sql8\admin\settings.php(866): npds\system\exception\BaseHandler->handleError(2, 'Array to string...', 'E:\\New_Serv_Wam...', 866)
#1 E:\New_Serv_Wamp\npds_dune-php8sql8\admin\settings.php(2055): Configure()
#2 E:\New_Serv_Wamp\npds_dune-php8sql8\admin.php(1064): include('E:\\New_Serv_Wam...')
#3 {main}

---------

Exception information:

    Date: Apr 01, 2024 21:39PM

    Message: Array to string conversion

    Code: 0

    File: E:\New_Serv_Wamp\npds_dune-php8sql8\admin\settings.php

    Line: 866

    Stack trace:

#0 E:\New_Serv_Wamp\npds_dune-php8sql8\admin\settings.php(866): npds\system\exception\BaseHandler->handleError(2, 'Array to string...', 'E:\\New_Serv_Wam...', 866)
#1 E:\New_Serv_Wamp\npds_dune-php8sql8\admin\settings.php(2055): Configure()
#2 E:\New_Serv_Wamp\npds_dune-php8sql8\admin.php(1064): include('E:\\New_Serv_Wam...')
#3 {main}

---------

Exception information:

    Date: Apr 01, 2024 21:39PM

    Message: Array to string conversion

    Code: 0

    File: E:\New_Serv_Wamp\npds_dune-php8sql8\admin\settings.php

    Line: 866

    Stack trace:

#0 E:\New_Serv_Wamp\npds_dune-php8sql8\admin\settings.php(866): npds\system\exception\BaseHandler->handleError(2, 'Array to string...', 'E:\\New_Serv_Wam...', 866)
#1 E:\New_Serv_Wamp\npds_dune-php8sql8\admin\settings.php(2055): Configure()
#2 E:\New_Serv_Wamp\npds_dune-php8sql8\admin.php(1064): include('E:\\New_Serv_Wam...')
#3 {main}

---------

Exception information:

    Date: Apr 01, 2024 21:40PM

    Message: Array to string conversion

    Code: 0

    File: E:\New_Serv_Wamp\npds_dune-php8sql8\admin\settings.php

    Line: 866

    Stack trace:

#0 E:\New_Serv_Wamp\npds_dune-php8sql8\admin\settings.php(866): npds\system\exception\BaseHandler->handleError(2, 'Array to string...', 'E:\\New_Serv_Wam...', 866)
#1 E:\New_Serv_Wamp\npds_dune-php8sql8\admin\settings.php(2055): Configure()
#2 E:\New_Serv_Wamp\npds_dune-php8sql8\admin.php(1064): include('E:\\New_Serv_Wam...')
#3 {main}

---------

Exception information:

    Date: Apr 01, 2024 21:40PM

    Message: Array to string conversion

    Code: 0

    File: E:\New_Serv_Wamp\npds_dune-php8sql8\admin\settings.php

    Line: 866

    Stack trace:

#0 E:\New_Serv_Wamp\npds_dune-php8sql8\admin\settings.php(866): npds\system\exception\BaseHandler->handleError(2, 'Array to string...', 'E:\\New_Serv_Wam...', 866)
#1 E:\New_Serv_Wamp\npds_dune-php8sql8\admin\settings.php(2055): Configure()
#2 E:\New_Serv_Wamp\npds_dune-php8sql8\admin.php(1064): include('E:\\New_Serv_Wam...')
#3 {main}

---------

