Exception information:

    Date: Mar 05, 2024 3:25AM

    Message: Function strftime() is deprecated

    Code: 0

    File: E:\New_Serv_Wamp\npds_dune-php8sql8\mainfile.php

    Line: 733

    Stack trace:

#0 E:\New_Serv_Wamp\npds_dune-php8sql8\mainfile.php(733): System\Foundation\Exceptions\Handler->handleError(8192, 'Function strfti...', 'E:\\New_Serv_Wam...', 733)
#1 E:\New_Serv_Wamp\npds_dune-php8sql8\themes\themes-dynamic\theme.php(69): formatTimestamp('2023-02-28 18:5...')
#2 E:\New_Serv_Wamp\npds_dune-php8sql8\index.php(173): themeindex('Root', 'user', '2023-02-28 18:5...', 'Les th&egrave;m...', '1', '3', '<p style="text-...', '', Array, 'styles', 'styles.gif', 'Styles', '4')
#3 E:\New_Serv_Wamp\npds_dune-php8sql8\index.php(236): aff_news('edito', '', '')
#4 E:\New_Serv_Wamp\npds_dune-php8sql8\index.php(48): theindex('edito', '', '')
#5 E:\New_Serv_Wamp\npds_dune-php8sql8\index.php(258): select_start_page('edito', '')
#6 {main}

---------

Exception information:

    Date: Mar 05, 2024 3:26AM

    Message: Function strftime() is deprecated

    Code: 0

    File: E:\New_Serv_Wamp\npds_dune-php8sql8\mainfile.php

    Line: 733

    Stack trace:

#0 E:\New_Serv_Wamp\npds_dune-php8sql8\mainfile.php(733): System\Foundation\Exceptions\Handler->handleError(8192, 'Function strfti...', 'E:\\New_Serv_Wam...', 733)
#1 E:\New_Serv_Wamp\npds_dune-php8sql8\themes\themes-dynamic\theme.php(69): formatTimestamp('2023-02-28 18:5...')
#2 E:\New_Serv_Wamp\npds_dune-php8sql8\index.php(173): themeindex('Root', 'user', '2023-02-28 18:5...', 'Les th&egrave;m...', '1', '3', '<p style="text-...', '', Array, 'styles', 'styles.gif', 'Styles', '4')
#3 E:\New_Serv_Wamp\npds_dune-php8sql8\index.php(236): aff_news('edito', '', '')
#4 E:\New_Serv_Wamp\npds_dune-php8sql8\index.php(48): theindex('edito', '', '')
#5 E:\New_Serv_Wamp\npds_dune-php8sql8\index.php(258): select_start_page('edito', '')
#6 {main}

---------

Exception information:

    Date: Mar 05, 2024 3:28AM

    Message: Function strftime() is deprecated

    Code: 0

    File: E:\New_Serv_Wamp\npds_dune-php8sql8\mainfile.php

    Line: 733

    Stack trace:

#0 E:\New_Serv_Wamp\npds_dune-php8sql8\mainfile.php(733): System\Foundation\Exceptions\Handler->handleError(8192, 'Function strfti...', 'E:\\New_Serv_Wam...', 733)
#1 E:\New_Serv_Wamp\npds_dune-php8sql8\themes\themes-dynamic\theme.php(69): formatTimestamp('2023-02-28 18:5...')
#2 E:\New_Serv_Wamp\npds_dune-php8sql8\index.php(173): themeindex('Root', 'user', '2023-02-28 18:5...', 'Les th&egrave;m...', '1', '3', '<p style="text-...', '', Array, 'styles', 'styles.gif', 'Styles', '4')
#3 E:\New_Serv_Wamp\npds_dune-php8sql8\index.php(236): aff_news('edito', '', '')
#4 E:\New_Serv_Wamp\npds_dune-php8sql8\index.php(48): theindex('edito', '', '')
#5 E:\New_Serv_Wamp\npds_dune-php8sql8\index.php(258): select_start_page('edito', '')
#6 {main}

---------

Exception information:

    Date: Mar 05, 2024 3:28AM

    Message: Function strftime() is deprecated

    Code: 0

    File: E:\New_Serv_Wamp\npds_dune-php8sql8\mainfile.php

    Line: 733

    Stack trace:

#0 E:\New_Serv_Wamp\npds_dune-php8sql8\mainfile.php(733): System\Foundation\Exceptions\Handler->handleError(8192, 'Function strfti...', 'E:\\New_Serv_Wam...', 733)
#1 E:\New_Serv_Wamp\npds_dune-php8sql8\themes\themes-dynamic\theme.php(69): formatTimestamp('2023-02-28 18:5...')
#2 E:\New_Serv_Wamp\npds_dune-php8sql8\index.php(173): themeindex('Root', 'user', '2023-02-28 18:5...', 'Les th&egrave;m...', '1', '3', '<p style="text-...', '', Array, 'styles', 'styles.gif', 'Styles', '4')
#3 E:\New_Serv_Wamp\npds_dune-php8sql8\index.php(236): aff_news('edito', '', '')
#4 E:\New_Serv_Wamp\npds_dune-php8sql8\index.php(48): theindex('edito', '', '')
#5 E:\New_Serv_Wamp\npds_dune-php8sql8\index.php(258): select_start_page('edito', '')
#6 {main}

---------

Exception information:

    Date: Mar 05, 2024 3:29AM

    Message: Function strftime() is deprecated

    Code: 0

    File: E:\New_Serv_Wamp\npds_dune-php8sql8\mainfile.php

    Line: 733

    Stack trace:

#0 E:\New_Serv_Wamp\npds_dune-php8sql8\mainfile.php(733): System\Foundation\Exceptions\Handler->handleError(8192, 'Function strfti...', 'E:\\New_Serv_Wam...', 733)
#1 E:\New_Serv_Wamp\npds_dune-php8sql8\themes\themes-dynamic\theme.php(69): formatTimestamp('2023-02-28 18:5...')
#2 E:\New_Serv_Wamp\npds_dune-php8sql8\index.php(173): themeindex('Root', 'user', '2023-02-28 18:5...', 'Les th&egrave;m...', '1', '3', '<p style="text-...', '', Array, 'styles', 'styles.gif', 'Styles', '4')
#3 E:\New_Serv_Wamp\npds_dune-php8sql8\index.php(236): aff_news('edito', '', '')
#4 E:\New_Serv_Wamp\npds_dune-php8sql8\index.php(48): theindex('edito', '', '')
#5 E:\New_Serv_Wamp\npds_dune-php8sql8\index.php(258): select_start_page('edito', '')
#6 {main}

---------

Exception information:

    Date: Mar 05, 2024 3:30AM

    Message: Function strftime() is deprecated

    Code: 0

    File: E:\New_Serv_Wamp\npds_dune-php8sql8\mainfile.php

    Line: 733

    Stack trace:

#0 E:\New_Serv_Wamp\npds_dune-php8sql8\mainfile.php(733): System\Foundation\Exceptions\Handler->handleError(8192, 'Function strfti...', 'E:\\New_Serv_Wam...', 733)
#1 E:\New_Serv_Wamp\npds_dune-php8sql8\themes\themes-dynamic\theme.php(69): formatTimestamp('2023-02-28 18:5...')
#2 E:\New_Serv_Wamp\npds_dune-php8sql8\index.php(173): themeindex('Root', 'user', '2023-02-28 18:5...', 'Les th&egrave;m...', '1', '3', '<p style="text-...', '', Array, 'styles', 'styles.gif', 'Styles', '4')
#3 E:\New_Serv_Wamp\npds_dune-php8sql8\index.php(236): aff_news('edito', '', '')
#4 E:\New_Serv_Wamp\npds_dune-php8sql8\index.php(48): theindex('edito', '', '')
#5 E:\New_Serv_Wamp\npds_dune-php8sql8\index.php(258): select_start_page('edito', '')
#6 {main}

---------

